execve("/usr/bin/free", ["free"], 0x7ffd9d9421e0 /* 49 vars */) = 0
brk(NULL)                               = 0x5f96445f2000
arch_prctl(0x3001 /* ARCH_??? */, 0x7fffa1af30c0) = -1 EINVAL (Invalid argument)
mmap(NULL, 8192, PROT_READ|PROT_WRITE, MAP_PRIVATE|MAP_ANONYMOUS, -1, 0) = 0x715484283000
access("/etc/ld.so.preload", R_OK)      = -1 ENOENT (No such file or directory)
openat(AT_FDCWD, "/etc/ld.so.cache", O_RDONLY|O_CLOEXEC) = 3
newfstatat(3, "", {st_mode=S_IFREG|0644, st_size=62803, ...}, AT_EMPTY_PATH) = 0
mmap(NULL, 62803, PROT_READ, MAP_PRIVATE, 3, 0) = 0x715484273000
close(3)                                = 0
openat(AT_FDCWD, "/lib/x86_64-linux-gnu/libprocps.so.8", O_RDONLY|O_CLOEXEC) = 3
read(3, "\177ELF\2\1\1\0\0\0\0\0\0\0\0\0\3\0>\0\1\0\0\0\0\0\0\0\0\0\0\0"..., 832) = 832
newfstatat(3, "", {st_mode=S_IFREG|0644, st_size=80080, ...}, AT_EMPTY_PATH) = 0
mmap(NULL, 225320, PROT_READ, MAP_PRIVATE|MAP_DENYWRITE, 3, 0) = 0x71548423b000
mmap(0x71548423f000, 40960, PROT_READ|PROT_EXEC, MAP_PRIVATE|MAP_FIXED|MAP_DENYWRITE, 3, 0x4000) = 0x71548423f000
mmap(0x715484249000, 16384, PROT_READ, MAP_PRIVATE|MAP_FIXED|MAP_DENYWRITE, 3, 0xe000) = 0x715484249000
mmap(0x71548424d000, 12288, PROT_READ|PROT_WRITE, MAP_PRIVATE|MAP_FIXED|MAP_DENYWRITE, 3, 0x11000) = 0x71548424d000
mmap(0x715484250000, 139304, PROT_READ|PROT_WRITE, MAP_PRIVATE|MAP_FIXED|MAP_ANONYMOUS, -1, 0) = 0x715484250000
close(3)                                = 0
openat(AT_FDCWD, "/lib/x86_64-linux-gnu/libc.so.6", O_RDONLY|O_CLOEXEC) = 3
read(3, "\177ELF\2\1\1\3\0\0\0\0\0\0\0\0\3\0>\0\1\0\0\0P\237\2\0\0\0\0\0"..., 832) = 832
pread64(3, "\6\0\0\0\4\0\0\0@\0\0\0\0\0\0\0@\0\0\0\0\0\0\0@\0\0\0\0\0\0\0"..., 784, 64) = 784
pread64(3, "\4\0\0\0 \0\0\0\5\0\0\0GNU\0\2\0\0\300\4\0\0\0\3\0\0\0\0\0\0\0"..., 48, 848) = 48
pread64(3, "\4\0\0\0\24\0\0\0\3\0\0\0GNU\0\315A\vq\17\17\tLh2\355\331Y1\0m"..., 68, 896) = 68
newfstatat(3, "", {st_mode=S_IFREG|0755, st_size=2220400, ...}, AT_EMPTY_PATH) = 0
pread64(3, "\6\0\0\0\4\0\0\0@\0\0\0\0\0\0\0@\0\0\0\0\0\0\0@\0\0\0\0\0\0\0"..., 784, 64) = 784
mmap(NULL, 2264656, PROT_READ, MAP_PRIVATE|MAP_DENYWRITE, 3, 0) = 0x715484000000
mprotect(0x715484028000, 2023424, PROT_NONE) = 0
mmap(0x715484028000, 1658880, PROT_READ|PROT_EXEC, MAP_PRIVATE|MAP_FIXED|MAP_DENYWRITE, 3, 0x28000) = 0x715484028000
mmap(0x7154841bd000, 360448, PROT_READ, MAP_PRIVATE|MAP_FIXED|MAP_DENYWRITE, 3, 0x1bd000) = 0x7154841bd000
mmap(0x715484216000, 24576, PROT_READ|PROT_WRITE, MAP_PRIVATE|MAP_FIXED|MAP_DENYWRITE, 3, 0x215000) = 0x715484216000
mmap(0x71548421c000, 52816, PROT_READ|PROT_WRITE, MAP_PRIVATE|MAP_FIXED|MAP_ANONYMOUS, -1, 0) = 0x71548421c000
close(3)                                = 0
openat(AT_FDCWD, "/lib/x86_64-linux-gnu/libsystemd.so.0", O_RDONLY|O_CLOEXEC) = 3
read(3, "\177ELF\2\1\1\0\0\0\0\0\0\0\0\0\3\0>\0\1\0\0\0\0\0\0\0\0\0\0\0"..., 832) = 832
newfstatat(3, "", {st_mode=S_IFREG|0644, st_size=807936, ...}, AT_EMPTY_PATH) = 0
mmap(NULL, 812384, PROT_READ, MAP_PRIVATE|MAP_DENYWRITE, 3, 0) = 0x715483f39000
mprotect(0x715483f4c000, 700416, PROT_NONE) = 0
mmap(0x715483f4c000, 520192, PROT_READ|PROT_EXEC, MAP_PRIVATE|MAP_FIXED|MAP_DENYWRITE, 3, 0x13000) = 0x715483f4c000
mmap(0x715483fcb000, 176128, PROT_READ, MAP_PRIVATE|MAP_FIXED|MAP_DENYWRITE, 3, 0x92000) = 0x715483fcb000
mmap(0x715483ff7000, 32768, PROT_READ|PROT_WRITE, MAP_PRIVATE|MAP_FIXED|MAP_DENYWRITE, 3, 0xbd000) = 0x715483ff7000
mmap(0x715483fff000, 1376, PROT_READ|PROT_WRITE, MAP_PRIVATE|MAP_FIXED|MAP_ANONYMOUS, -1, 0) = 0x715483fff000
close(3)                                = 0
openat(AT_FDCWD, "/lib/x86_64-linux-gnu/liblzma.so.5", O_RDONLY|O_CLOEXEC) = 3
read(3, "\177ELF\2\1\1\0\0\0\0\0\0\0\0\0\3\0>\0\1\0\0\0\0\0\0\0\0\0\0\0"..., 832) = 832
newfstatat(3, "", {st_mode=S_IFREG|0644, st_size=170456, ...}, AT_EMPTY_PATH) = 0
mmap(NULL, 172296, PROT_READ, MAP_PRIVATE|MAP_DENYWRITE, 3, 0) = 0x715483f0e000
mmap(0x715483f11000, 110592, PROT_READ|PROT_EXEC, MAP_PRIVATE|MAP_FIXED|MAP_DENYWRITE, 3, 0x3000) = 0x715483f11000
mmap(0x715483f2c000, 45056, PROT_READ, MAP_PRIVATE|MAP_FIXED|MAP_DENYWRITE, 3, 0x1e000) = 0x715483f2c000
mmap(0x715483f37000, 8192, PROT_READ|PROT_WRITE, MAP_PRIVATE|MAP_FIXED|MAP_DENYWRITE, 3, 0x28000) = 0x715483f37000
close(3)                                = 0
openat(AT_FDCWD, "/lib/x86_64-linux-gnu/libzstd.so.1", O_RDONLY|O_CLOEXEC) = 3
read(3, "\177ELF\2\1\1\0\0\0\0\0\0\0\0\0\3\0>\0\1\0\0\0\0\0\0\0\0\0\0\0"..., 832) = 832
newfstatat(3, "", {st_mode=S_IFREG|0644, st_size=841808, ...}, AT_EMPTY_PATH) = 0
mmap(NULL, 843832, PROT_READ, MAP_PRIVATE|MAP_DENYWRITE, 3, 0) = 0x715483e3f000
mmap(0x715483e49000, 729088, PROT_READ|PROT_EXEC, MAP_PRIVATE|MAP_FIXED|MAP_DENYWRITE, 3, 0xa000) = 0x715483e49000
mmap(0x715483efb000, 69632, PROT_READ, MAP_PRIVATE|MAP_FIXED|MAP_DENYWRITE, 3, 0xbc000) = 0x715483efb000
mmap(0x715483f0c000, 8192, PROT_READ|PROT_WRITE, MAP_PRIVATE|MAP_FIXED|MAP_DENYWRITE, 3, 0xcc000) = 0x715483f0c000
close(3)                                = 0
openat(AT_FDCWD, "/lib/x86_64-linux-gnu/liblz4.so.1", O_RDONLY|O_CLOEXEC) = 3
read(3, "\177ELF\2\1\1\0\0\0\0\0\0\0\0\0\3\0>\0\1\0\0\0\0\0\0\0\0\0\0\0"..., 832) = 832
newfstatat(3, "", {st_mode=S_IFREG|0644, st_size=125152, ...}, AT_EMPTY_PATH) = 0
mmap(NULL, 8192, PROT_READ|PROT_WRITE, MAP_PRIVATE|MAP_ANONYMOUS, -1, 0) = 0x715484239000
mmap(NULL, 127072, PROT_READ, MAP_PRIVATE|MAP_DENYWRITE, 3, 0) = 0x715483e1f000
mprotect(0x715483e21000, 114688, PROT_NONE) = 0
mmap(0x715483e21000, 102400, PROT_READ|PROT_EXEC, MAP_PRIVATE|MAP_FIXED|MAP_DENYWRITE, 3, 0x2000) = 0x715483e21000
mmap(0x715483e3a000, 8192, PROT_READ, MAP_PRIVATE|MAP_FIXED|MAP_DENYWRITE, 3, 0x1b000) = 0x715483e3a000
mmap(0x715483e3d000, 8192, PROT_READ|PROT_WRITE, MAP_PRIVATE|MAP_FIXED|MAP_DENYWRITE, 3, 0x1d000) = 0x715483e3d000
close(3)                                = 0
openat(AT_FDCWD, "/lib/x86_64-linux-gnu/libcap.so.2", O_RDONLY|O_CLOEXEC) = 3
read(3, "\177ELF\2\1\1\0\0\0\0\0\0\0\0\0\3\0>\0\1\0\0\0\0\0\0\0\0\0\0\0"..., 832) = 832
newfstatat(3, "", {st_mode=S_IFREG|0644, st_size=39024, ...}, AT_EMPTY_PATH) = 0
mmap(NULL, 41016, PROT_READ, MAP_PRIVATE|MAP_DENYWRITE, 3, 0) = 0x71548422e000
mmap(0x715484231000, 16384, PROT_READ|PROT_EXEC, MAP_PRIVATE|MAP_FIXED|MAP_DENYWRITE, 3, 0x3000) = 0x715484231000
mmap(0x715484235000, 8192, PROT_READ, MAP_PRIVATE|MAP_FIXED|MAP_DENYWRITE, 3, 0x7000) = 0x715484235000
mmap(0x715484237000, 8192, PROT_READ|PROT_WRITE, MAP_PRIVATE|MAP_FIXED|MAP_DENYWRITE, 3, 0x8000) = 0x715484237000
close(3)                                = 0
openat(AT_FDCWD, "/lib/x86_64-linux-gnu/libgcrypt.so.20", O_RDONLY|O_CLOEXEC) = 3
read(3, "\177ELF\2\1\1\0\0\0\0\0\0\0\0\0\3\0>\0\1\0\0\0\0\0\0\0\0\0\0\0"..., 832) = 832
newfstatat(3, "", {st_mode=S_IFREG|0644, st_size=1296312, ...}, AT_EMPTY_PATH) = 0
mmap(NULL, 1299576, PROT_READ, MAP_PRIVATE|MAP_DENYWRITE, 3, 0) = 0x715483ce1000
mprotect(0x715483cf0000, 1200128, PROT_NONE) = 0
mmap(0x715483cf0000, 942080, PROT_READ|PROT_EXEC, MAP_PRIVATE|MAP_FIXED|MAP_DENYWRITE, 3, 0xf000) = 0x715483cf0000
mmap(0x715483dd6000, 253952, PROT_READ, MAP_PRIVATE|MAP_FIXED|MAP_DENYWRITE, 3, 0xf5000) = 0x715483dd6000
mmap(0x715483e15000, 36864, PROT_READ|PROT_WRITE, MAP_PRIVATE|MAP_FIXED|MAP_DENYWRITE, 3, 0x133000) = 0x715483e15000
mmap(0x715483e1e000, 1144, PROT_READ|PROT_WRITE, MAP_PRIVATE|MAP_FIXED|MAP_ANONYMOUS, -1, 0) = 0x715483e1e000
close(3)                                = 0
openat(AT_FDCWD, "/lib/x86_64-linux-gnu/libgpg-error.so.0", O_RDONLY|O_CLOEXEC) = 3
read(3, "\177ELF\2\1\1\0\0\0\0\0\0\0\0\0\3\0>\0\1\0\0\0\0\0\0\0\0\0\0\0"..., 832) = 832
newfstatat(3, "", {st_mode=S_IFREG|0644, st_size=149760, ...}, AT_EMPTY_PATH) = 0
mmap(NULL, 151992, PROT_READ, MAP_PRIVATE|MAP_DENYWRITE, 3, 0) = 0x715483cbb000
mmap(0x715483cbf000, 90112, PROT_READ|PROT_EXEC, MAP_PRIVATE|MAP_FIXED|MAP_DENYWRITE, 3, 0x4000) = 0x715483cbf000
mmap(0x715483cd5000, 40960, PROT_READ, MAP_PRIVATE|MAP_FIXED|MAP_DENYWRITE, 3, 0x1a000) = 0x715483cd5000
mmap(0x715483cdf000, 8192, PROT_READ|PROT_WRITE, MAP_PRIVATE|MAP_FIXED|MAP_DENYWRITE, 3, 0x23000) = 0x715483cdf000
close(3)                                = 0
mmap(NULL, 8192, PROT_READ|PROT_WRITE, MAP_PRIVATE|MAP_ANONYMOUS, -1, 0) = 0x71548422c000
mmap(NULL, 12288, PROT_READ|PROT_WRITE, MAP_PRIVATE|MAP_ANONYMOUS, -1, 0) = 0x715484229000
arch_prctl(ARCH_SET_FS, 0x7154842297c0) = 0
set_tid_address(0x715484229a90)         = 59149
set_robust_list(0x715484229aa0, 24)     = 0
rseq(0x71548422a160, 0x20, 0, 0x53053053) = 0
mprotect(0x715484216000, 16384, PROT_READ) = 0
mprotect(0x715483cdf000, 4096, PROT_READ) = 0
mprotect(0x715483e15000, 12288, PROT_READ) = 0
mprotect(0x715484237000, 4096, PROT_READ) = 0
mprotect(0x715483e3d000, 4096, PROT_READ) = 0
mprotect(0x715483f0c000, 4096, PROT_READ) = 0
mprotect(0x715483f37000, 4096, PROT_READ) = 0
mprotect(0x715483ff7000, 28672, PROT_READ) = 0
mprotect(0x71548424d000, 8192, PROT_READ) = 0
mprotect(0x5f963df06000, 4096, PROT_READ) = 0
mprotect(0x7154842bd000, 8192, PROT_READ) = 0
prlimit64(0, RLIMIT_STACK, NULL, {rlim_cur=8192*1024, rlim_max=RLIM64_INFINITY}) = 0
munmap(0x715484273000, 62803)           = 0
getrandom("\x5e\x3f\xbd\x99\xe8\xb0\x7e\xa9", 8, GRND_NONBLOCK) = 8
brk(NULL)                               = 0x5f96445f2000
brk(0x5f9644613000)                     = 0x5f9644613000
prctl(PR_CAPBSET_READ, CAP_MAC_OVERRIDE) = 1
prctl(PR_CAPBSET_READ, 0x30 /* CAP_??? */) = -1 EINVAL (Invalid argument)
prctl(PR_CAPBSET_READ, CAP_CHECKPOINT_RESTORE) = 1
prctl(PR_CAPBSET_READ, 0x2c /* CAP_??? */) = -1 EINVAL (Invalid argument)
prctl(PR_CAPBSET_READ, 0x2a /* CAP_??? */) = -1 EINVAL (Invalid argument)
prctl(PR_CAPBSET_READ, 0x29 /* CAP_??? */) = -1 EINVAL (Invalid argument)
openat(AT_FDCWD, "/proc/self/auxv", O_RDONLY) = 3
newfstatat(3, "", {st_mode=S_IFREG|0400, st_size=0, ...}, AT_EMPTY_PATH) = 0
read(3, "!\0\0\0\0\0\0\0\0\0\271\241\377\177\0\0003\0\0\0\0\0\0\0\360\6\0\0\0\0\0\0"..., 1024) = 368
close(3)                                = 0
openat(AT_FDCWD, "/proc/sys/kernel/osrelease", O_RDONLY) = 3
newfstatat(3, "", {st_mode=S_IFREG|0444, st_size=0, ...}, AT_EMPTY_PATH) = 0
read(3, "6.8.0-52-generic\n", 1024)     = 17
close(3)                                = 0
openat(AT_FDCWD, "/sys/devices/system/cpu/online", O_RDONLY|O_CLOEXEC) = 3
read(3, "0-1\n", 1024)                  = 4
close(3)                                = 0
openat(AT_FDCWD, "/proc/self/auxv", O_RDONLY) = 3
newfstatat(3, "", {st_mode=S_IFREG|0400, st_size=0, ...}, AT_EMPTY_PATH) = 0
read(3, "!\0\0\0\0\0\0\0\0\0\271\241\377\177\0\0003\0\0\0\0\0\0\0\360\6\0\0\0\0\0\0"..., 1024) = 368
close(3)                                = 0
openat(AT_FDCWD, "/usr/lib/locale/locale-archive", O_RDONLY|O_CLOEXEC) = 3
newfstatat(3, "", {st_mode=S_IFREG|0644, st_size=5712208, ...}, AT_EMPTY_PATH) = 0
mmap(NULL, 5712208, PROT_READ, MAP_PRIVATE, 3, 0) = 0x715483600000
close(3)                                = 0
openat(AT_FDCWD, "/proc/sys/kernel/osrelease", O_RDONLY) = 3
newfstatat(3, "", {st_mode=S_IFREG|0444, st_size=0, ...}, AT_EMPTY_PATH) = 0
read(3, "6.8.0-52-generic\n", 1024)     = 17
close(3)                                = 0
openat(AT_FDCWD, "/proc/meminfo", O_RDONLY) = 3
lseek(3, 0, SEEK_SET)                   = 0
read(3, "MemTotal:        8084040 kB\nMemF"..., 8191) = 1531
openat(AT_FDCWD, "/usr/share/locale/locale.alias", O_RDONLY|O_CLOEXEC) = 4
newfstatat(4, "", {st_mode=S_IFREG|0644, st_size=2996, ...}, AT_EMPTY_PATH) = 0
read(4, "# Locale name alias data base.\n#"..., 4096) = 2996
read(4, "", 4096)                       = 0
close(4)                                = 0
openat(AT_FDCWD, "/usr/share/locale/en_HK/LC_MESSAGES/procps-ng.mo", O_RDONLY) = -1 ENOENT (No such file or directory)
openat(AT_FDCWD, "/usr/share/locale/en/LC_MESSAGES/procps-ng.mo", O_RDONLY) = -1 ENOENT (No such file or directory)
openat(AT_FDCWD, "/usr/share/locale-langpack/en_HK/LC_MESSAGES/procps-ng.mo", O_RDONLY) = -1 ENOENT (No such file or directory)
openat(AT_FDCWD, "/usr/share/locale-langpack/en/LC_MESSAGES/procps-ng.mo", O_RDONLY) = -1 ENOENT (No such file or directory)
newfstatat(1, "", {st_mode=S_IFCHR|0620, st_rdev=makedev(0x88, 0x1), ...}, AT_EMPTY_PATH) = 0
write(1, "               total        used"..., 81) = 81
write(1, "Mem:         8084040     2642896"..., 81) = 81
write(1, "Swap:        2097148         524"..., 45) = 45
close(1)                                = 0
close(2)                                = 0
exit_group(0)                           = ?
+++ exited with 0 +++
